success run page queries - 0.020s - 3/3 146.63/s
â ™ Building development bundle
<w> [webpack.cache.PackFileCacheStrategy] Skipped not serializable cache item 'Compilation/modules|/mnt/data/VIRUS/Projects/smiith_and_mould/node_modules/gatsby/dist/utils/babel-loader.js??ruleSet[1].rules[2].use[0]!/mnt/data/VIRUS/Projects/smiith_and_mould/src/components/Hero/index.js': No serializer registered for GraphQLSyntaxError
<w> while serializing webpack/lib/cache/PackFileCacheStrategy.PackContentItems -> webpack/lib/NormalModule -> webpack/lib/ModuleB
 ERROR 

Module build failed (from ./node_modules/gatsby/dist/utils/babel-loader.js):
Error: /mnt/data/VIRUS/Projects/smiith_and_mould/src/components/Hero/index.js: BabelPluginRemoveGraphQLQueries: GraphQL syntax
error in query:


          query homeJsonQuery{
            allHomeJson {
                edges{
                  node{
                    products{}
                  }
                }
            }
          }


message:

Syntax Error: Expected Name, found "}".

GraphQL request:6:30
5 |                   node{
6 |                     products{}
  |                              ^
7 |                   }
    at getGraphQLTag (/mnt/data/VIRUS/Projects/smiith_and_mould/node_modules/babel-plugin-remove-graphql-queries/index.js:186:11)
    at setImportForStaticQuery
(/mnt/data/VIRUS/Projects/smiith_and_mould/node_modules/babel-plugin-remove-graphql-queries/index.js:281:15)
    at TaggedTemplateExpression
(/mnt/data/VIRUS/Projects/smiith_and_mould/node_modules/babel-plugin-remove-graphql-queries/index.js:334:21)
    at NodePath._call (/mnt/data/VIRUS/Projects/smiith_and_mould/node_modules/@babel/traverse/lib/path/context.js:53:20)
    at NodePath.call (/mnt/data/VIRUS/Projects/smiith_and_mould/node_modules/@babel/traverse/lib/path/context.js:40:17)
    at NodePath.visit (/mnt/data/VIRUS/Projects/smiith_and_mould/node_modules/@babel/traverse/lib/path/context.js:90:31)
    at TraversalContext.visitQueue (/mnt/data/VIRUS/Projects/smiith_and_mould/node_modules/@babel/traverse/lib/context.js:103:16)
    at TraversalContext.visitSingle (/mnt/data/VIRUS/Projects/smiith_and_mould/node_modules/@babel/traverse/lib/context.js:77:19)
    at TraversalContext.visit (/mnt/data/VIRUS/Projects/smiith_and_mould/node_modules/@babel/traverse/lib/context.js:131:19)
    at Function.traverse.node (/mnt/data/VIRUS/Projects/smiith_and_mould/node_modules/@babel/traverse/lib/index.js:82:17)
    at NodePath.visit (/mnt/data/VIRUS/Projects/smiith_and_mould/node_modules/@babel/traverse/lib/path/context.js:97:18)
    at TraversalContext.visitQueue (/mnt/data/VIRUS/Projects/smiith_and_mould/node_modules/@babel/traverse/lib/context.js:103:16)
    at TraversalContext.visitSingle (/mnt/data/VIRUS/Projects/smiith_and_mould/node_modules/@babel/traverse/lib/context.js:77:19)
    at TraversalContext.visit (/mnt/data/VIRUS/Projects/smiith_and_mould/node_modules/@babel/traverse/lib/context.js:131:19)
    at Function.traverse.node (/mnt/data/VIRUS/Projects/smiith_and_mould/node_modules/@babel/traverse/lib/index.js:82:17)
    at traverse (/mnt/data/VIRUS/Projects/smiith_and_mould/node_modules/@babel/traverse/lib/index.js:62:12)



  ModuleBuildError: Module build failed (from ./node_modules/gatsby/dist/utils/babel-loader.js):
  Error: /mnt/data/VIRUS/Projects/smiith_and_mould/src/components/Hero/index.js: BabelPluginRemoveGraphQLQueries: GraphQL syntax 
  error in query:
            query homeJsonQuery{
              allHomeJson {
                  edges{
                    node{
                      products{}
                    }
                  }
              }
            }
  message:
  Syntax Error: Expected Name, found "}".
  GraphQL request:6:30
  5 |                   node{
  6 |                     products{}
    |                              ^
  7 |                   }
  
  - index.js:186 getGraphQLTag
    [smiith_and_mould]/[babel-plugin-remove-graphql-queries]/index.js:186:11
  
  - index.js:281 setImportForStaticQuery
    [smiith_and_mould]/[babel-plugin-remove-graphql-queries]/index.js:281:15
  
  - index.js:334 TaggedTemplateExpression
    [smiith_and_mould]/[babel-plugin-remove-graphql-queries]/index.js:334:21
  
  - context.js:53 NodePath._call
    [smiith_and_mould]/[@babel]/traverse/lib/path/context.js:53:20
  
  - context.js:40 NodePath.call
    [smiith_and_mould]/[@babel]/traverse/lib/path/context.js:40:17
  
  - context.js:90 NodePath.visit
    [smiith_and_mould]/[@babel]/traverse/lib/path/context.js:90:31
  
  - context.js:103 TraversalContext.visitQueue
    [smiith_and_mould]/[@babel]/traverse/lib/context.js:103:16
  
  - context.js:77 TraversalContext.visitSingle
    [smiith_and_mould]/[@babel]/traverse/lib/context.js:77:19
  
  - context.js:131 TraversalContext.visit
    [smiith_and_mould]/[@babel]/traverse/lib/context.js:131:19
  
  - index.js:82 Function.traverse.node
    [smiith_and_mould]/[@babel]/traverse/lib/index.js:82:17
  
  - context.js:97 NodePath.visit
    [smiith_and_mould]/[@babel]/traverse/lib/path/context.js:97:18
  
  - context.js:103 TraversalContext.visitQueue
    [smiith_and_mould]/[@babel]/traverse/lib/context.js:103:16
  
  - context.js:77 TraversalContext.visitSingle
    [smiith_and_mould]/[@babel]/traverse/lib/context.js:77:19
  
  - context.js:131 TraversalContext.visit
    [smiith_and_mould]/[@babel]/traverse/lib/context.js:131:19
  
  - index.js:82 Function.traverse.node
    [smiith_and_mould]/[@babel]/traverse/lib/index.js:82:17
  
  - index.js:62 traverse
    [smiith_and_mould]/[@babel]/traverse/lib/index.js:62:12
  
  - NormalModule.js:748 processResult
    [smiith_and_mould]/[webpack]/lib/NormalModule.js:748:19
  
  - NormalModule.js:847 
    [smiith_and_mould]/[webpack]/lib/NormalModule.js:847:5
  
  - LoaderRunner.js:399 
    [smiith_and_mould]/[loader-runner]/lib/LoaderRunner.js:399:11
  
  - LoaderRunner.js:251 
    [smiith_and_mould]/[loader-runner]/lib/LoaderRunner.js:251:18
  
  - LoaderRunner.js:124 context.callback
    [smiith_and_mould]/[loader-runner]/lib/LoaderRunner.js:124:13
  
  - index.js:59 
    [smiith_and_mould]/[babel-loader]/lib/index.js:59:103
  

not finished Building development bundle - 2.029s

npm ERR! code ELIFECYCLE
npm ERR! errno 1
npm ERR! gatsby-starter-default@0.1.0 start: `gatsby develop`
npm ERR! Exit status 1
npm ERR! 
npm ERR! Failed at the gatsby-starter-default@0.1.0 start script.
npm ERR! This is probably not a problem with npm. There is likely additional logging output above.

npm ERR! A complete log of this run can be found in:
npm ERR!     /home/vasu/.npm/_logs/2021-10-27T09_57_56_838Z-debug.log
